[0m13:37:23.551804 [debug] [MainThread]: Sending event: {'category': 'dbt', 'action': 'invocation', 'label': 'start', 'context': [<snowplow_tracker.self_describing_json.SelfDescribingJson object at 0x14e720a50>, <snowplow_tracker.self_describing_json.SelfDescribingJson object at 0x14e73f350>, <snowplow_tracker.self_describing_json.SelfDescribingJson object at 0x14e73ffd0>]}


============================== 13:37:23.554416 | d0953ac5-9fe3-4774-8ce5-b0f9ae807c1d ==============================
[0m13:37:23.554416 [info ] [MainThread]: Running with dbt=1.8.3
[0m13:37:23.554765 [debug] [MainThread]: running dbt with arguments {'use_colors': 'True', 'use_experimental_parser': 'False', 'log_format': 'default', 'no_print': 'None', 'static_parser': 'True', 'fail_fast': 'False', 'printer_width': '80', 'target_path': 'None', 'write_json': 'True', 'profiles_dir': '/Users/arturorey/.dbt', 'debug': 'False', 'introspect': 'True', 'warn_error_options': 'WarnErrorOptions(include=[], exclude=[])', 'quiet': 'False', 'indirect_selection': 'eager', 'log_path': 'logs', 'cache_selected_only': 'False', 'empty': 'None', 'invocation_command': 'dbt init', 'version_check': 'True', 'send_anonymous_usage_stats': 'True', 'log_cache_events': 'False', 'partial_parse': 'True', 'warn_error': 'None'}
[0m13:37:36.640694 [debug] [MainThread]: Starter project path: /Users/arturorey/miniconda3/envs/snowflake-dbt-airflow/lib/python3.11/site-packages/dbt/include/starter_project
[0m13:37:36.651077 [info ] [MainThread]: 
Your new dbt project "sales_pipeline" was created!

For more information on how to configure the profiles.yml file,
please consult the dbt documentation here:

  https://docs.getdbt.com/docs/configure-your-profile

One more thing:

Need help? Don't hesitate to reach out to us via GitHub issues or on Slack:

  https://community.getdbt.com/

Happy modeling!

[0m13:37:36.651564 [info ] [MainThread]: Setting up your profile.
[0m13:41:08.495703 [info ] [MainThread]: Profile sales_pipeline written to /Users/arturorey/.dbt/profiles.yml using target's profile_template.yml and your supplied values. Run 'dbt debug' to validate the connection.
[0m13:41:08.503019 [debug] [MainThread]: Resource report: {"command_name": "init", "command_success": true, "command_wall_clock_time": 224.99728, "process_user_time": 0.902241, "process_kernel_time": 0.279315, "process_mem_max_rss": "159924224", "process_in_blocks": "0", "process_out_blocks": "0"}
[0m13:41:08.504115 [debug] [MainThread]: Command `dbt init` succeeded at 13:41:08.503881 after 225.00 seconds
[0m13:41:08.505292 [debug] [MainThread]: Sending event: {'category': 'dbt', 'action': 'invocation', 'label': 'end', 'context': [<snowplow_tracker.self_describing_json.SelfDescribingJson object at 0x104fb8890>, <snowplow_tracker.self_describing_json.SelfDescribingJson object at 0x14e0a3750>, <snowplow_tracker.self_describing_json.SelfDescribingJson object at 0x14e750fd0>]}
[0m13:41:08.506000 [debug] [MainThread]: Flushing usage events
[0m13:41:17.332986 [debug] [MainThread]: Sending event: {'category': 'dbt', 'action': 'invocation', 'label': 'start', 'context': [<snowplow_tracker.self_describing_json.SelfDescribingJson object at 0x11d3b7fd0>, <snowplow_tracker.self_describing_json.SelfDescribingJson object at 0x11cf5f890>, <snowplow_tracker.self_describing_json.SelfDescribingJson object at 0x11d41be10>]}


============================== 13:41:17.335163 | a1d9f4aa-7171-4ee7-ad68-73dd6a1d1049 ==============================
[0m13:41:17.335163 [info ] [MainThread]: Running with dbt=1.8.3
[0m13:41:17.335511 [debug] [MainThread]: running dbt with arguments {'empty': 'None', 'use_colors': 'True', 'debug': 'False', 'static_parser': 'True', 'quiet': 'False', 'cache_selected_only': 'False', 'warn_error': 'None', 'printer_width': '80', 'warn_error_options': 'WarnErrorOptions(include=[], exclude=[])', 'target_path': 'None', 'log_cache_events': 'False', 'log_format': 'default', 'invocation_command': 'dbt debug', 'send_anonymous_usage_stats': 'True', 'introspect': 'True', 'write_json': 'True', 'log_path': 'logs', 'profiles_dir': '/Users/arturorey/.dbt', 'version_check': 'True', 'partial_parse': 'True', 'fail_fast': 'False', 'indirect_selection': 'eager', 'no_print': 'None', 'use_experimental_parser': 'False'}
[0m13:41:17.344378 [info ] [MainThread]: dbt version: 1.8.3
[0m13:41:17.344612 [info ] [MainThread]: python version: 3.11.9
[0m13:41:17.344789 [info ] [MainThread]: python path: /Users/arturorey/miniconda3/envs/snowflake-dbt-airflow/bin/python3.11
[0m13:41:17.344941 [info ] [MainThread]: os info: macOS-13.5.1-arm64-arm-64bit
[0m13:41:17.712225 [info ] [MainThread]: Using profiles dir at /Users/arturorey/.dbt
[0m13:41:17.712507 [info ] [MainThread]: Using profiles.yml file at /Users/arturorey/.dbt/profiles.yml
[0m13:41:17.712661 [info ] [MainThread]: Using dbt_project.yml file at /Users/arturorey/git/PersonalProjects/sales_snowflake_dwh/dbt_project.yml
[0m13:41:17.712843 [error] [MainThread]: Encountered an error:
Internal Error
  Profile should not be None if loading profile completed
[0m13:41:17.714226 [debug] [MainThread]: Resource report: {"command_name": "debug", "command_wall_clock_time": 0.42637876, "process_user_time": 0.894032, "process_kernel_time": 0.183676, "process_mem_max_rss": "167231488", "command_success": false, "process_in_blocks": "0", "process_out_blocks": "0"}
[0m13:41:17.714502 [debug] [MainThread]: Command `dbt debug` failed at 13:41:17.714454 after 0.43 seconds
[0m13:41:17.714686 [debug] [MainThread]: Sending event: {'category': 'dbt', 'action': 'invocation', 'label': 'end', 'context': [<snowplow_tracker.self_describing_json.SelfDescribingJson object at 0x11d40d990>, <snowplow_tracker.self_describing_json.SelfDescribingJson object at 0x101664890>, <snowplow_tracker.self_describing_json.SelfDescribingJson object at 0x11e56ae50>]}
[0m13:41:17.714872 [debug] [MainThread]: Flushing usage events
[0m13:42:32.284598 [debug] [MainThread]: Sending event: {'category': 'dbt', 'action': 'invocation', 'label': 'start', 'context': [<snowplow_tracker.self_describing_json.SelfDescribingJson object at 0x1301e3e50>, <snowplow_tracker.self_describing_json.SelfDescribingJson object at 0x1302680d0>, <snowplow_tracker.self_describing_json.SelfDescribingJson object at 0x1302686d0>]}


============================== 13:42:32.288511 | e8deb46a-087f-4ecc-b636-8f3875918fe9 ==============================
[0m13:42:32.288511 [info ] [MainThread]: Running with dbt=1.8.3
[0m13:42:32.289133 [debug] [MainThread]: running dbt with arguments {'warn_error_options': 'WarnErrorOptions(include=[], exclude=[])', 'fail_fast': 'False', 'printer_width': '80', 'quiet': 'False', 'send_anonymous_usage_stats': 'True', 'no_print': 'None', 'version_check': 'True', 'target_path': 'None', 'write_json': 'True', 'log_format': 'default', 'use_colors': 'True', 'profiles_dir': '/Users/arturorey/.dbt', 'static_parser': 'True', 'indirect_selection': 'eager', 'cache_selected_only': 'False', 'partial_parse': 'True', 'log_path': 'logs', 'introspect': 'True', 'debug': 'False', 'invocation_command': 'dbt debug', 'warn_error': 'None', 'log_cache_events': 'False', 'empty': 'None', 'use_experimental_parser': 'False'}
[0m13:42:32.298804 [info ] [MainThread]: dbt version: 1.8.3
[0m13:42:32.299046 [info ] [MainThread]: python version: 3.11.9
[0m13:42:32.299226 [info ] [MainThread]: python path: /Users/arturorey/miniconda3/envs/snowflake-dbt-airflow/bin/python3.11
[0m13:42:32.299385 [info ] [MainThread]: os info: macOS-13.5.1-arm64-arm-64bit
[0m13:42:32.741103 [info ] [MainThread]: Using profiles dir at /Users/arturorey/.dbt
[0m13:42:32.741382 [info ] [MainThread]: Using profiles.yml file at /Users/arturorey/.dbt/profiles.yml
[0m13:42:32.741534 [info ] [MainThread]: Using dbt_project.yml file at /Users/arturorey/git/PersonalProjects/sales_snowflake_dwh/dbt_project.yml
[0m13:42:32.741711 [error] [MainThread]: Encountered an error:
Internal Error
  Profile should not be None if loading profile completed
[0m13:42:32.743577 [debug] [MainThread]: Resource report: {"command_name": "debug", "command_wall_clock_time": 0.501289, "process_user_time": 0.903912, "process_kernel_time": 0.228845, "process_mem_max_rss": "167526400", "command_success": false, "process_in_blocks": "0", "process_out_blocks": "0"}
[0m13:42:32.743831 [debug] [MainThread]: Command `dbt debug` failed at 13:42:32.743788 after 0.50 seconds
[0m13:42:32.743995 [debug] [MainThread]: Sending event: {'category': 'dbt', 'action': 'invocation', 'label': 'end', 'context': [<snowplow_tracker.self_describing_json.SelfDescribingJson object at 0x130239990>, <snowplow_tracker.self_describing_json.SelfDescribingJson object at 0x100db0890>, <snowplow_tracker.self_describing_json.SelfDescribingJson object at 0x100dfdb50>]}
[0m13:42:32.744180 [debug] [MainThread]: Flushing usage events
[0m13:43:18.534687 [debug] [MainThread]: Sending event: {'category': 'dbt', 'action': 'invocation', 'label': 'start', 'context': [<snowplow_tracker.self_describing_json.SelfDescribingJson object at 0x142cc7450>, <snowplow_tracker.self_describing_json.SelfDescribingJson object at 0x142d43b10>, <snowplow_tracker.self_describing_json.SelfDescribingJson object at 0x142d43f90>]}


============================== 13:43:18.537407 | b48c524f-eade-42b8-8190-93d7db68b41e ==============================
[0m13:43:18.537407 [info ] [MainThread]: Running with dbt=1.8.3
[0m13:43:18.538051 [debug] [MainThread]: running dbt with arguments {'use_colors': 'True', 'profiles_dir': '/Users/arturorey/.dbt', 'version_check': 'True', 'write_json': 'True', 'partial_parse': 'True', 'quiet': 'False', 'log_format': 'default', 'no_print': 'None', 'static_parser': 'True', 'introspect': 'True', 'cache_selected_only': 'False', 'debug': 'False', 'use_experimental_parser': 'False', 'send_anonymous_usage_stats': 'True', 'invocation_command': 'dbt debug --config-dir', 'log_path': 'logs', 'fail_fast': 'False', 'printer_width': '80', 'warn_error': 'None', 'indirect_selection': 'eager', 'log_cache_events': 'False', 'warn_error_options': 'WarnErrorOptions(include=[], exclude=[])', 'target_path': 'None', 'empty': 'None'}
[0m13:43:18.547020 [info ] [MainThread]: To view your profiles.yml file, run:

open /Users/arturorey/.dbt
[0m13:43:18.548775 [debug] [MainThread]: Resource report: {"command_name": "debug", "command_success": true, "command_wall_clock_time": 0.059084624, "process_user_time": 0.659066, "process_kernel_time": 0.141189, "process_mem_max_rss": "116277248", "process_in_blocks": "0", "process_out_blocks": "0"}
[0m13:43:18.549063 [debug] [MainThread]: Command `dbt debug` succeeded at 13:43:18.549013 after 0.06 seconds
[0m13:43:18.549267 [debug] [MainThread]: Sending event: {'category': 'dbt', 'action': 'invocation', 'label': 'end', 'context': [<snowplow_tracker.self_describing_json.SelfDescribingJson object at 0x103750910>, <snowplow_tracker.self_describing_json.SelfDescribingJson object at 0x142d43e90>, <snowplow_tracker.self_describing_json.SelfDescribingJson object at 0x142d43390>]}
[0m13:43:18.549458 [debug] [MainThread]: Flushing usage events
[0m13:43:43.430532 [debug] [MainThread]: Sending event: {'category': 'dbt', 'action': 'invocation', 'label': 'start', 'context': [<snowplow_tracker.self_describing_json.SelfDescribingJson object at 0x128a21a90>, <snowplow_tracker.self_describing_json.SelfDescribingJson object at 0x128a47b50>, <snowplow_tracker.self_describing_json.SelfDescribingJson object at 0x128a47f90>]}


============================== 13:43:43.432951 | d79cc16e-8138-46ef-91c8-adad97a547c7 ==============================
[0m13:43:43.432951 [info ] [MainThread]: Running with dbt=1.8.3
[0m13:43:43.433519 [debug] [MainThread]: running dbt with arguments {'log_format': 'default', 'partial_parse': 'True', 'send_anonymous_usage_stats': 'True', 'warn_error': 'None', 'log_cache_events': 'False', 'target_path': 'None', 'cache_selected_only': 'False', 'introspect': 'True', 'quiet': 'False', 'log_path': 'logs', 'debug': 'False', 'version_check': 'True', 'printer_width': '80', 'profiles_dir': '/Users/arturorey/.dbt', 'fail_fast': 'False', 'no_print': 'None', 'invocation_command': 'dbt debug', 'indirect_selection': 'eager', 'static_parser': 'True', 'write_json': 'True', 'use_experimental_parser': 'False', 'warn_error_options': 'WarnErrorOptions(include=[], exclude=[])', 'use_colors': 'True', 'empty': 'None'}
[0m13:43:43.441710 [info ] [MainThread]: dbt version: 1.8.3
[0m13:43:43.441902 [info ] [MainThread]: python version: 3.11.9
[0m13:43:43.442064 [info ] [MainThread]: python path: /Users/arturorey/miniconda3/envs/snowflake-dbt-airflow/bin/python3.11
[0m13:43:43.442207 [info ] [MainThread]: os info: macOS-13.5.1-arm64-arm-64bit
[0m13:43:43.870709 [info ] [MainThread]: Using profiles dir at /Users/arturorey/.dbt
[0m13:43:43.871016 [info ] [MainThread]: Using profiles.yml file at /Users/arturorey/.dbt/profiles.yml
[0m13:43:43.871166 [info ] [MainThread]: Using dbt_project.yml file at /Users/arturorey/git/PersonalProjects/sales_snowflake_dwh/dbt_project.yml
[0m13:43:43.871609 [info ] [MainThread]: adapter type: snowflake
[0m13:43:43.871790 [info ] [MainThread]: adapter version: 1.8.3
[0m13:43:43.871937 [info ] [MainThread]: Configuration:
[0m13:43:43.872072 [info ] [MainThread]:   profiles.yml file [[32mOK found and valid[0m]
[0m13:43:43.872195 [info ] [MainThread]:   dbt_project.yml file [[31mERROR not found[0m]
[0m13:43:43.872314 [info ] [MainThread]: Required dependencies:
[0m13:43:43.872467 [debug] [MainThread]: Executing "git --help"
[0m13:43:43.885866 [debug] [MainThread]: STDOUT: "b"usage: git [-v | --version] [-h | --help] [-C <path>] [-c <name>=<value>]\n           [--exec-path[=<path>]] [--html-path] [--man-path] [--info-path]\n           [-p | --paginate | -P | --no-pager] [--no-replace-objects] [--bare]\n           [--git-dir=<path>] [--work-tree=<path>] [--namespace=<name>]\n           [--super-prefix=<path>] [--config-env=<name>=<envvar>]\n           <command> [<args>]\n\nThese are common Git commands used in various situations:\n\nstart a working area (see also: git help tutorial)\n   clone     Clone a repository into a new directory\n   init      Create an empty Git repository or reinitialize an existing one\n\nwork on the current change (see also: git help everyday)\n   add       Add file contents to the index\n   mv        Move or rename a file, a directory, or a symlink\n   restore   Restore working tree files\n   rm        Remove files from the working tree and from the index\n\nexamine the history and state (see also: git help revisions)\n   bisect    Use binary search to find the commit that introduced a bug\n   diff      Show changes between commits, commit and working tree, etc\n   grep      Print lines matching a pattern\n   log       Show commit logs\n   show      Show various types of objects\n   status    Show the working tree status\n\ngrow, mark and tweak your common history\n   branch    List, create, or delete branches\n   commit    Record changes to the repository\n   merge     Join two or more development histories together\n   rebase    Reapply commits on top of another base tip\n   reset     Reset current HEAD to the specified state\n   switch    Switch branches\n   tag       Create, list, delete or verify a tag object signed with GPG\n\ncollaborate (see also: git help workflows)\n   fetch     Download objects and refs from another repository\n   pull      Fetch from and integrate with another repository or a local branch\n   push      Update remote refs along with associated objects\n\n'git help -a' and 'git help -g' list available subcommands and some\nconcept guides. See 'git help <command>' or 'git help <concept>'\nto read about a specific subcommand or concept.\nSee 'git help git' for an overview of the system.\n""
[0m13:43:43.886386 [debug] [MainThread]: STDERR: "b''"
[0m13:43:43.886578 [info ] [MainThread]:  - git [[32mOK found[0m]

[0m13:43:43.886748 [info ] [MainThread]: Connection:
[0m13:43:43.886925 [info ] [MainThread]:   account: eddwjld-ze60395
[0m13:43:43.887052 [info ] [MainThread]:   user: areyh
[0m13:43:43.887172 [info ] [MainThread]:   database: sales
[0m13:43:43.887288 [info ] [MainThread]:   warehouse: dbt_wh
[0m13:43:43.887409 [info ] [MainThread]:   role: dbt_role
[0m13:43:43.887527 [info ] [MainThread]:   schema: mock
[0m13:43:43.887682 [info ] [MainThread]:   authenticator: None
[0m13:43:43.887806 [info ] [MainThread]:   oauth_client_id: None
[0m13:43:43.887923 [info ] [MainThread]:   query_tag: None
[0m13:43:43.888039 [info ] [MainThread]:   client_session_keep_alive: False
[0m13:43:43.888159 [info ] [MainThread]:   host: None
[0m13:43:43.888270 [info ] [MainThread]:   port: None
[0m13:43:43.888384 [info ] [MainThread]:   proxy_host: None
[0m13:43:43.888501 [info ] [MainThread]:   proxy_port: None
[0m13:43:43.888613 [info ] [MainThread]:   protocol: None
[0m13:43:43.888728 [info ] [MainThread]:   connect_retries: 1
[0m13:43:43.888844 [info ] [MainThread]:   connect_timeout: None
[0m13:43:43.888957 [info ] [MainThread]:   retry_on_database_errors: False
[0m13:43:43.889069 [info ] [MainThread]:   retry_all: False
[0m13:43:43.889184 [info ] [MainThread]:   insecure_mode: False
[0m13:43:43.889300 [info ] [MainThread]:   reuse_connections: None
[0m13:43:43.889629 [info ] [MainThread]: Registered adapter: snowflake=1.8.3
[0m13:43:43.893664 [debug] [MainThread]: Acquiring new snowflake connection 'debug'
[0m13:43:43.895444 [debug] [MainThread]: Using snowflake connection "debug"
[0m13:43:43.895692 [debug] [MainThread]: On debug: select 1 as id
[0m13:43:43.895898 [debug] [MainThread]: Opening a new connection, currently in state init
[0m13:43:44.407536 [debug] [MainThread]: SQL status: SUCCESS 1 in 1.0 seconds
[0m13:43:44.409823 [debug] [MainThread]: On debug: Close
[0m13:43:44.505768 [info ] [MainThread]:   Connection test: [[32mOK connection ok[0m]

[0m13:43:44.506420 [info ] [MainThread]: [31m1 check failed:[0m
[0m13:43:44.506848 [info ] [MainThread]: Project loading failed for the following reason:
 project path </Users/arturorey/git/PersonalProjects/sales_snowflake_dwh/dbt_project.yml> not found

[0m13:43:44.511754 [debug] [MainThread]: Resource report: {"command_name": "debug", "command_wall_clock_time": 1.1185701, "process_user_time": 0.96375, "process_kernel_time": 0.243818, "process_mem_max_rss": "174669824", "command_success": false, "process_in_blocks": "0", "process_out_blocks": "0"}
[0m13:43:44.512510 [debug] [MainThread]: Command `dbt debug` failed at 13:43:44.512364 after 1.12 seconds
[0m13:43:44.512971 [debug] [MainThread]: Connection 'debug' was properly closed.
[0m13:43:44.513448 [debug] [MainThread]: Sending event: {'category': 'dbt', 'action': 'invocation', 'label': 'end', 'context': [<snowplow_tracker.self_describing_json.SelfDescribingJson object at 0x10305c890>, <snowplow_tracker.self_describing_json.SelfDescribingJson object at 0x128a47390>, <snowplow_tracker.self_describing_json.SelfDescribingJson object at 0x12b18d090>]}
[0m13:43:44.513966 [debug] [MainThread]: Flushing usage events
